# JRE version: OpenJDK Runtime Environment (8.0_152-b01) (build 1.8.0_152-release-915-b01)
# Java VM: OpenJDK 64-Bit Server VM (25.152-b01 mixed mode linux-amd64 compressed oops)
Heap:
 PSYoungGen      total 669696K, used 0K [0x000000076ab00000, 0x0000000798180000, 0x00000007c0000000)
  eden space 648192K, 0% used [0x000000076ab00000,0x000000076ab00000,0x0000000792400000)
  from space 21504K, 0% used [0x0000000796c80000,0x0000000796c80000,0x0000000798180000)
  to   space 47616K, 0% used [0x0000000792480000,0x0000000792480000,0x0000000795300000)
 ParOldGen       total 1099264K, used 75595K [0x00000006c0000000, 0x0000000703180000, 0x000000076ab00000)
  object space 1099264K, 6% used [0x00000006c0000000,0x00000006c49d2e30,0x0000000703180000)
 Metaspace       used 87717K, capacity 97564K, committed 98380K, reserved 1134592K
  class space    used 11206K, capacity 13761K, committed 13952K, reserved 1048576K
GC Heap History (10 events):
Event: 6666.284 GC heap after
Heap after GC invocations=17 (full 3):
 PSYoungGen      total 723456K, used 23017K [0x000000076ab00000, 0x000000079b780000, 0x00000007c0000000)
  eden space 700416K, 0% used [0x000000076ab00000,0x000000076ab00000,0x0000000795700000)
  from space 23040K, 99% used [0x000000079a100000,0x000000079b77a4a0,0x000000079b780000)
  to   space 41472K, 0% used [0x0000000796680000,0x0000000796680000,0x0000000798f00000)
 ParOldGen       total 1099264K, used 63499K [0x00000006c0000000, 0x0000000703180000, 0x000000076ab00000)
  object space 1099264K, 5% used [0x00000006c0000000,0x00000006c3e02cd0,0x0000000703180000)
 Metaspace       used 78580K, capacity 87008K, committed 87256K, reserved 1124352K
  class space    used 9914K, capacity 11927K, committed 12032K, reserved 1048576K
}
Event: 7948.681 GC heap before
{Heap before GC invocations=18 (full 3):
 PSYoungGen      total 723456K, used 723433K [0x000000076ab00000, 0x000000079b780000, 0x00000007c0000000)
  eden space 700416K, 100% used [0x000000076ab00000,0x0000000795700000,0x0000000795700000)
  from space 23040K, 99% used [0x000000079a100000,0x000000079b77a4a0,0x000000079b780000)
  to   space 41472K, 0% used [0x0000000796680000,0x0000000796680000,0x0000000798f00000)
 ParOldGen       total 1099264K, used 63499K [0x00000006c0000000, 0x0000000703180000, 0x000000076ab00000)
  object space 1099264K, 5% used [0x00000006c0000000,0x00000006c3e02cd0,0x0000000703180000)
 Metaspace       used 78932K, capacity 87676K, committed 87896K, reserved 1124352K
  class space    used 9971K, capacity 12127K, committed 12160K, reserved 1048576K
Event: 7948.707 GC heap after
Heap after GC invocations=18 (full 3):
 PSYoungGen      total 713728K, used 27002K [0x000000076ab00000, 0x000000079a180000, 0x00000007c0000000)
  eden space 686592K, 0% used [0x000000076ab00000,0x000000076ab00000,0x0000000794980000)
  from space 27136K, 99% used [0x0000000796680000,0x00000007980deb00,0x0000000798100000)
  to   space 33280K, 0% used [0x0000000798100000,0x0000000798100000,0x000000079a180000)
 ParOldGen       total 1099264K, used 63499K [0x00000006c0000000, 0x0000000703180000, 0x000000076ab00000)
  object space 1099264K, 5% used [0x00000006c0000000,0x00000006c3e02cd0,0x0000000703180000)
 Metaspace       used 78932K, capacity 87676K, committed 87896K, reserved 1124352K
  class space    used 9971K, capacity 12127K, committed 12160K, reserved 1048576K
}
Event: 8484.469 GC heap before
{Heap before GC invocations=19 (full 3):
 PSYoungGen      total 713728K, used 713594K [0x000000076ab00000, 0x000000079a180000, 0x00000007c0000000)
  eden space 686592K, 100% used [0x000000076ab00000,0x0000000794980000,0x0000000794980000)
  from space 27136K, 99% used [0x0000000796680000,0x00000007980deb00,0x0000000798100000)
  to   space 33280K, 0% used [0x0000000798100000,0x0000000798100000,0x000000079a180000)
 ParOldGen       total 1099264K, used 63499K [0x00000006c0000000, 0x0000000703180000, 0x000000076ab00000)
  object space 1099264K, 5% used [0x00000006c0000000,0x00000006c3e02cd0,0x0000000703180000)
 Metaspace       used 79190K, capacity 88296K, committed 88536K, reserved 1126400K
  class space    used 10004K, capacity 12247K, committed 12288K, reserved 1048576K
Event: 8484.498 GC heap after
Heap after GC invocations=19 (full 3):
 PSYoungGen      total 704000K, used 30378K [0x000000076ab00000, 0x0000000799f00000, 0x00000007c0000000)
  eden space 673280K, 0% used [0x000000076ab00000,0x000000076ab00000,0x0000000793c80000)
  from space 30720K, 98% used [0x0000000798100000,0x0000000799eaaab0,0x0000000799f00000)
  to   space 39936K, 0% used [0x0000000795100000,0x0000000795100000,0x0000000797800000)
 ParOldGen       total 1099264K, used 63507K [0x00000006c0000000, 0x0000000703180000, 0x000000076ab00000)
  object space 1099264K, 5% used [0x00000006c0000000,0x00000006c3e04cd0,0x0000000703180000)
 Metaspace       used 79190K, capacity 88296K, committed 88536K, reserved 1126400K
  class space    used 10004K, capacity 12247K, committed 12288K, reserved 1048576K
}
Event: 9147.092 GC heap before
{Heap before GC invocations=20 (full 3):
 PSYoungGen      total 704000K, used 703658K [0x000000076ab00000, 0x0000000799f00000, 0x00000007c0000000)
  eden space 673280K, 100% used [0x000000076ab00000,0x0000000793c80000,0x0000000793c80000)
  from space 30720K, 98% used [0x0000000798100000,0x0000000799eaaab0,0x0000000799f00000)
  to   space 39936K, 0% used [0x0000000795100000,0x0000000795100000,0x0000000797800000)
 ParOldGen       total 1099264K, used 63507K [0x00000006c0000000, 0x0000000703180000, 0x000000076ab00000)
  object space 1099264K, 5% used [0x00000006c0000000,0x00000006c3e04cd0,0x0000000703180000)
 Metaspace       used 79567K, capacity 89028K, committed 89304K, reserved 1126400K
  class space    used 10063K, capacity 12447K, committed 12544K, reserved 1048576K
Event: 9147.119 GC heap after
Heap after GC invocations=20 (full 3):
 PSYoungGen      total 688640K, used 27736K [0x000000076ab00000, 0x0000000798180000, 0x00000007c0000000)
  eden space 660480K, 0% used [0x000000076ab00000,0x000000076ab00000,0x0000000793000000)
  from space 28160K, 98% used [0x0000000795100000,0x0000000796c16378,0x0000000796c80000)
  to   space 21504K, 0% used [0x0000000796c80000,0x0000000796c80000,0x0000000798180000)
 ParOldGen       total 1099264K, used 63515K [0x00000006c0000000, 0x0000000703180000, 0x000000076ab00000)
  object space 1099264K, 5% used [0x00000006c0000000,0x00000006c3e06cd0,0x0000000703180000)
 Metaspace       used 79567K, capacity 89028K, committed 89304K, reserved 1126400K
  class space    used 10063K, capacity 12447K, committed 12544K, reserved 1048576K
}
Event: 9235.691 GC heap before
{Heap before GC invocations=21 (full 3):
 PSYoungGen      total 688640K, used 405748K [0x000000076ab00000, 0x0000000798180000, 0x00000007c0000000)
  eden space 660480K, 57% used [0x000000076ab00000,0x0000000781c26f98,0x0000000793000000)
  from space 28160K, 98% used [0x0000000795100000,0x0000000796c16378,0x0000000796c80000)
  to   space 21504K, 0% used [0x0000000796c80000,0x0000000796c80000,0x0000000798180000)
 ParOldGen       total 1099264K, used 63515K [0x00000006c0000000, 0x0000000703180000, 0x000000076ab00000)
  object space 1099264K, 5% used [0x00000006c0000000,0x00000006c3e06cd0,0x0000000703180000)
 Metaspace       used 88111K, capacity 98262K, committed 98380K, reserved 1134592K
  class space    used 11274K, capacity 13882K, committed 13952K, reserved 1048576K
Event: 9235.759 GC heap after
Heap after GC invocations=21 (full 3):
 PSYoungGen      total 669696K, used 21488K [0x000000076ab00000, 0x0000000798180000, 0x00000007c0000000)
  eden space 648192K, 0% used [0x000000076ab00000,0x000000076ab00000,0x0000000792400000)
  from space 21504K, 99% used [0x0000000796c80000,0x000000079817c050,0x0000000798180000)
  to   space 47616K, 0% used [0x0000000792480000,0x0000000792480000,0x0000000795300000)
 ParOldGen       total 1099264K, used 95689K [0x00000006c0000000, 0x0000000703180000, 0x000000076ab00000)
  object space 1099264K, 8% used [0x00000006c0000000,0x00000006c5d724b8,0x0000000703180000)
 Metaspace       used 88111K, capacity 98262K, committed 98380K, reserved 1134592K
  class space    used 11274K, capacity 13882K, committed 13952K, reserved 1048576K
}
Event: 9235.759 GC heap before
{Heap before GC invocations=22 (full 4):
 PSYoungGen      total 669696K, used 21488K [0x000000076ab00000, 0x0000000798180000, 0x00000007c0000000)
  eden space 648192K, 0% used [0x000000076ab00000,0x000000076ab00000,0x0000000792400000)
  from space 21504K, 99% used [0x0000000796c80000,0x000000079817c050,0x0000000798180000)
  to   space 47616K, 0% used [0x0000000792480000,0x0000000792480000,0x0000000795300000)
 ParOldGen       total 1099264K, used 95689K [0x00000006c0000000, 0x0000000703180000, 0x000000076ab00000)
  object space 1099264K, 8% used [0x00000006c0000000,0x00000006c5d724b8,0x0000000703180000)
 Metaspace       used 88111K, capacity 98262K, committed 98380K, reserved 1134592K
  class space    used 11274K, capacity 13882K, committed 13952K, reserved 1048576K

